Configuration file: /Users/nginear/Documents/GitHub/human-crafted-home/_config.yml
To use retry middleware with Faraday v2.0+, install `faraday-retry` gem
            Source: /Users/nginear/Documents/GitHub/human-crafted-home
       Destination: /Users/nginear/Documents/GitHub/human-crafted-home/_site
 Incremental build: disabled. Enable with --incremental
      Generating... 
       Jekyll Feed: Generating feed for posts
                    done in 1.073 seconds.
 Auto-regeneration: enabled for '/Users/nginear/Documents/GitHub/human-crafted-home'
    Server address: http://127.0.0.1:4000/Human-Crafted-Home/
  Server running... press ctrl-c to stop.
[2025-06-12 10:26:34] ERROR '/assets/images/vennColab.svg' not found.
[2025-06-12 10:26:34] ERROR '/assets/images/vennColab.svg' not found.
      Regenerating: 1 file(s) changed at 2025-06-12 10:26:57
                    _docs/about-me.md
       Jekyll Feed: Generating feed for posts
                    ...done in 0.937872 seconds.
                    
      Regenerating: 1 file(s) changed at 2025-06-12 10:26:58
                    _docs/about-me.md
       Jekyll Feed: Generating feed for posts
                    ...done in 0.883836 seconds.
                    
      Regenerating: 1 file(s) changed at 2025-06-12 10:27:02
                    _docs/expertise.md
       Jekyll Feed: Generating feed for posts
                    ...done in 0.896742 seconds.
                    
      Regenerating: 1 file(s) changed at 2025-06-12 10:27:04
                    _docs/expertise.md
       Jekyll Feed: Generating feed for posts
                    ...done in 0.862553 seconds.
                    
      Regenerating: 1 file(s) changed at 2025-06-12 10:27:06
                    _docs/expertise.md
       Jekyll Feed: Generating feed for posts
                    ...done in 0.854937 seconds.
                    
      Regenerating: 1 file(s) changed at 2025-06-12 10:27:18
                    _docs/process.md
       Jekyll Feed: Generating feed for posts
                    ...done in 0.861289 seconds.
                    
      Regenerating: 1 file(s) changed at 2025-06-12 10:27:21
                    _docs/process.md
       Jekyll Feed: Generating feed for posts
                    ...done in 0.840972 seconds.
                    
      Regenerating: 1 file(s) changed at 2025-06-12 10:27:24
                    _docs/process.md
       Jekyll Feed: Generating feed for posts
                    ...done in 0.825312 seconds.
                    
      Regenerating: 1 file(s) changed at 2025-06-12 10:27:27
                    _docs/tools.md
       Jekyll Feed: Generating feed for posts
                    ...done in 0.832875 seconds.
                    
      Regenerating: 1 file(s) changed at 2025-06-12 10:27:31
                    _docs/laser-cutter.md
       Jekyll Feed: Generating feed for posts
                    ...done in 0.826187 seconds.
                    
      Regenerating: 1 file(s) changed at 2025-06-12 10:27:33
                    _docs/fusion360.md
       Jekyll Feed: Generating feed for posts
                    ...done in 0.855255 seconds.
                    
      Regenerating: 1 file(s) changed at 2025-06-12 10:27:34
                    _docs/fabrication.md
       Jekyll Feed: Generating feed for posts
                    ...done in 0.831821 seconds.
                    
      Regenerating: 1 file(s) changed at 2025-06-12 10:27:35
                    _docs/fabrication.md
       Jekyll Feed: Generating feed for posts
                    ...done in 0.802788 seconds.
                    
[2025-06-12 10:27:45] ERROR '/assets/images/vennColab.svg' not found.
[2025-06-12 10:27:45] ERROR '/assets/images/vennColab.svg' not found.
[2025-06-12 10:27:48] ERROR '/assets/images/vennColab.svg' not found.
[2025-06-12 10:27:48] ERROR '/assets/images/vennColab.svg' not found.
[2025-06-12 10:27:49] ERROR '/assets/images/vennColab.svg' not found.
[2025-06-12 10:27:49] ERROR '/assets/images/vennColab.svg' not found.
[2025-06-12 10:28:02] ERROR '/assets/images/vennColab.svg' not found.
[2025-06-12 10:28:02] ERROR '/assets/images/vennColab.svg' not found.
      Regenerating: 1 file(s) changed at 2025-06-12 10:28:19
                    _docs/process.md
       Jekyll Feed: Generating feed for posts
                    ...done in 0.881054 seconds.
                    
[2025-06-12 10:28:26] ERROR '/assets/images/vennColab.svg' not found.
[2025-06-12 10:28:26] ERROR '/assets/images/vennColab.svg' not found.
[2025-06-12 10:29:01] ERROR '/assets/images/vennExpertise.svg' not found.
[2025-06-12 10:29:19] ERROR '/assets/images/vennColab.svg' not found.
[2025-06-12 10:29:19] ERROR '/assets/images/vennColab.svg' not found.
      Regenerating: 1 file(s) changed at 2025-06-12 10:31:54
                    _layouts/doc.html
       Jekyll Feed: Generating feed for posts
                    ...done in 0.954035 seconds.
                    
      Regenerating: 1 file(s) changed at 2025-06-12 10:32:04
                    _layouts/doc.html
       Jekyll Feed: Generating feed for posts
                    ...done in 0.868014 seconds.
                    
      Regenerating: 1 file(s) changed at 2025-06-12 10:32:14
                    _layouts/doc.html
       Jekyll Feed: Generating feed for posts
                    ...done in 0.853048 seconds.
                    
[2025-06-12 10:32:31] ERROR '/assets/images/vennExpertise.svg' not found.
[2025-06-12 10:32:36] ERROR '/assets/images/vennColab.svg' not found.
